<?xml version="1.0" encoding="UTF-8"?>
<!-- Generated by org.testng.reporters.JUnitXMLReporter -->
<testsuite ignored="0" hostname="LAPTOP-41F83L5A" failures="5" tests="5" name="Automation tests" time="0.069" errors="0" timestamp="2023-11-13T01:22:15 EST">
  <testcase classname="com.kwi.HomePageValidations" name="TC01_ValidateTheTitleOfThePage" time="0.008">
    <failure type="java.lang.RuntimeException" message="Error validating the title: null">
      <![CDATA[java.lang.RuntimeException: Error validating the title: null
at com.kwi.pages.HomePage.validateTitle(HomePage.java:74)
at com.kwi.HomePageValidations.TC01_ValidateTheTitleOfThePage(HomePageValidations.java:19)
at java.base/java.util.ArrayList.forEach(ArrayList.java:1541)
... Removed 31 stack frames]]>
    </failure>
  </testcase> <!-- TC01_ValidateTheTitleOfThePage -->
  <testcase classname="com.kwi.HomePageValidations" name="TC02_ValidateAllInOneOmnichannelSolutionText" time="0.004">
    <failure type="java.lang.ExceptionInInitializerError">
      <![CDATA[java.lang.ExceptionInInitializerError
at com.kwi.pages.HomePage.scrollDownToAllInOneOmnichannelSolution(HomePage.java:98)
at com.kwi.HomePageValidations.TC02_ValidateAllInOneOmnichannelSolutionText(HomePageValidations.java:24)
at java.base/java.util.ArrayList.forEach(ArrayList.java:1541)
Caused by: java.lang.NullPointerException
at com.kwi.report.ExtentManager.getInstance(ExtentManager.java:15)
at com.kwi.report.ExtentTestManager.<clinit>(ExtentTestManager.java:15)
... 34 more
... Removed 31 stack frames]]>
    </failure>
  </testcase> <!-- TC02_ValidateAllInOneOmnichannelSolutionText -->
  <testcase classname="com.kwi.HomePageValidations" name="TC03_ValidateContactInfo" time="0.003">
    <failure type="java.lang.NoClassDefFoundError" message="Could not initialize class com.kwi.report.ExtentTestManager">
      <![CDATA[java.lang.NoClassDefFoundError: Could not initialize class com.kwi.report.ExtentTestManager
at com.kwi.pages.HomePage.getPhoneNumber(HomePage.java:125)
at com.kwi.pages.HomePage.printContactInfo(HomePage.java:166)
at com.kwi.HomePageValidations.TC03_ValidateContactInfo(HomePageValidations.java:29)
at java.base/java.util.ArrayList.forEach(ArrayList.java:1541)
... Removed 31 stack frames]]>
    </failure>
  </testcase> <!-- TC03_ValidateContactInfo -->
  <testcase classname="com.kwi.HomePageValidations" name="TC04_NavigateToPlatformAndServicesPage" time="0.001">
    <failure type="java.lang.RuntimeException" message="Error clicking on Platform &amp;amp; Services: null">
      <![CDATA[java.lang.RuntimeException: Error clicking on Platform & Services: null
at com.kwi.pages.HomePage.clickOnPlatformAndServices(HomePage.java:200)
at com.kwi.HomePageValidations.TC04_NavigateToPlatformAndServicesPage(HomePageValidations.java:34)
at java.base/java.util.ArrayList.forEach(ArrayList.java:1541)
... Removed 31 stack frames]]>
    </failure>
  </testcase> <!-- TC04_NavigateToPlatformAndServicesPage -->
  <testcase classname="com.kwi.LoyaltyPageValidations" name="TC01_ValidateGetMoreControl" time="0.02">
    <failure type="java.lang.RuntimeException" message="Error during mouse hover on Platform &amp;amp; Services: null">
      <![CDATA[java.lang.RuntimeException: Error during mouse hover on Platform & Services: null
at com.kwi.pages.HomePage.mouseOverOnPlatformAndServices(HomePage.java:219)
at com.kwi.LoyaltyPageValidations.TC01_ValidateGetMoreControl(LoyaltyPageValidations.java:22)
at java.base/java.util.ArrayList.forEach(ArrayList.java:1541)
... Removed 31 stack frames]]>
    </failure>
  </testcase> <!-- TC01_ValidateGetMoreControl -->
</testsuite> <!-- Automation tests -->
