<!DOCTYPE html>

<html>
  <head>
  <meta charset='utf-8'>
  <title>TestNG reports</title>

    <link type="text/css" href="testng-reports1.css" rel="stylesheet" id="ultra" />
    <link type="text/css" href="testng-reports.css" rel="stylesheet" id="retro" disabled="false"/>
    <script type="text/javascript" src="jquery-3.4.1.min.js"></script>
    <script type="text/javascript" src="testng-reports.js"></script>
    <script type="text/javascript" src="https://www.google.com/jsapi"></script>
    <script type='text/javascript'>
      google.load('visualization', '1', {packages:['table']});
      google.setOnLoadCallback(drawTable);
      var suiteTableInitFunctions = new Array();
      var suiteTableData = new Array();
    </script>
    <!--
      <script type="text/javascript" src="jquery-ui/js/jquery-ui-1.8.16.custom.min.js"></script>
     -->
  </head>

  <body>
    <div class="top-banner-root">
      <span class="top-banner-title-font">Test results</span>
      <button id="button" class="button">Switch Retro Theme</button> <!-- button -->
      <br/>
      <span class="top-banner-font-1">1 suite, 5 failed tests</span>
    </div> <!-- top-banner-root -->
    <div class="navigator-root">
      <div class="navigator-suite-header">
        <span>All suites</span>
        <a href="#" title="Collapse/expand all the suites" class="collapse-all-link">
          <img src="collapseall.gif" class="collapse-all-icon">
          </img> <!-- collapse-all-icon -->
        </a> <!-- collapse-all-link -->
      </div> <!-- navigator-suite-header -->
      <div class="suite">
        <div class="rounded-window">
          <div class="suite-header light-rounded-window-top">
            <a href="#" panel-name="suite-Selenium_Test_Suite" class="navigator-link">
              <span class="suite-name border-failed">Selenium Test Suite</span>
            </a> <!-- navigator-link -->
          </div> <!-- suite-header light-rounded-window-top -->
          <div class="navigator-suite-content">
            <div class="suite-section-title">
              <span>Info</span>
            </div> <!-- suite-section-title -->
            <div class="suite-section-content">
              <ul>
                <li>
                  <a href="#" panel-name="test-xml-Selenium_Test_Suite" class="navigator-link ">
                    <span>P:\Projects\PNT\KWI-Web\src\test\resources\TestRunner.xml</span>
                  </a> <!-- navigator-link  -->
                </li>
                <li>
                  <a href="#" panel-name="testlist-Selenium_Test_Suite" class="navigator-link ">
                    <span class="test-stats">1 test</span>
                  </a> <!-- navigator-link  -->
                </li>
                <li>
                  <a href="#" panel-name="group-Selenium_Test_Suite" class="navigator-link ">
                    <span>1 group</span>
                  </a> <!-- navigator-link  -->
                </li>
                <li>
                  <a href="#" panel-name="times-Selenium_Test_Suite" class="navigator-link ">
                    <span>Times</span>
                  </a> <!-- navigator-link  -->
                </li>
                <li>
                  <a href="#" panel-name="reporter-Selenium_Test_Suite" class="navigator-link ">
                    <span>Reporter output</span>
                  </a> <!-- navigator-link  -->
                </li>
                <li>
                  <a href="#" panel-name="ignored-methods-Selenium_Test_Suite" class="navigator-link ">
                    <span>Ignored methods</span>
                  </a> <!-- navigator-link  -->
                </li>
                <li>
                  <a href="#" panel-name="chronological-Selenium_Test_Suite" class="navigator-link ">
                    <span>Chronological view</span>
                  </a> <!-- navigator-link  -->
                </li>
              </ul>
            </div> <!-- suite-section-content -->
            <div class="result-section">
              <div class="suite-section-title">
                <span>Results</span>
              </div> <!-- suite-section-title -->
              <div class="suite-section-content">
                <ul>
                  <li>
                    <span class="method-stats">5 methods, 5 failed,   </span>
                  </li>
                  <li>
                    <span class="method-list-title failed">Failed methods</span>
                    <span class="show-or-hide-methods failed">
                      <a href="#" panel-name="suite-Selenium_Test_Suite" class="hide-methods failed suite-Selenium_Test_Suite"> (hide)</a> <!-- hide-methods failed suite-Selenium_Test_Suite -->
                      <a href="#" panel-name="suite-Selenium_Test_Suite" class="show-methods failed suite-Selenium_Test_Suite"> (show)</a> <!-- show-methods failed suite-Selenium_Test_Suite -->
                    </span>
                    <div class="method-list-content failed suite-Selenium_Test_Suite">
                      <span>
                        <img src="failed.png" width="3%"/>
                        <a href="#" panel-name="suite-Selenium_Test_Suite" title="com.kwi.LoyaltyPageValidations" class="method navigator-link" hash-for-method="TC01_ValidateGetMoreControl">TC01_ValidateGetMoreControl</a> <!-- method navigator-link -->
                      </span>
                      <br/>
                      <span>
                        <img src="failed.png" width="3%"/>
                        <a href="#" panel-name="suite-Selenium_Test_Suite" title="com.kwi.HomePageValidations" class="method navigator-link" hash-for-method="TC01_ValidateTheTitleOfThePage">TC01_ValidateTheTitleOfThePage</a> <!-- method navigator-link -->
                      </span>
                      <br/>
                      <span>
                        <img src="failed.png" width="3%"/>
                        <a href="#" panel-name="suite-Selenium_Test_Suite" title="com.kwi.HomePageValidations" class="method navigator-link" hash-for-method="TC02_ValidateAllInOneOmnichannelSolutionText">TC02_ValidateAllInOneOmnichannelSolutionText</a> <!-- method navigator-link -->
                      </span>
                      <br/>
                      <span>
                        <img src="failed.png" width="3%"/>
                        <a href="#" panel-name="suite-Selenium_Test_Suite" title="com.kwi.HomePageValidations" class="method navigator-link" hash-for-method="TC03_ValidateContactInfo">TC03_ValidateContactInfo</a> <!-- method navigator-link -->
                      </span>
                      <br/>
                      <span>
                        <img src="failed.png" width="3%"/>
                        <a href="#" panel-name="suite-Selenium_Test_Suite" title="com.kwi.HomePageValidations" class="method navigator-link" hash-for-method="TC04_NavigateToPlatformAndServicesPage">TC04_NavigateToPlatformAndServicesPage</a> <!-- method navigator-link -->
                      </span>
                      <br/>
                    </div> <!-- method-list-content failed suite-Selenium_Test_Suite -->
                  </li>
                </ul>
              </div> <!-- suite-section-content -->
            </div> <!-- result-section -->
          </div> <!-- navigator-suite-content -->
        </div> <!-- rounded-window -->
      </div> <!-- suite -->
    </div> <!-- navigator-root -->
    <div class="wrapper">
      <div class="main-panel-root">
        <div panel-name="suite-Selenium_Test_Suite" class="panel Selenium_Test_Suite">
          <div class="suite-Selenium_Test_Suite-class-failed">
            <div class="main-panel-header rounded-window-top">
              <img src="failed.png"/>
              <span class="class-name">com.kwi.LoyaltyPageValidations</span>
            </div> <!-- main-panel-header rounded-window-top -->
            <div class="main-panel-content rounded-window-bottom">
              <div class="method">
                <div class="method-content">
                  <a name="TC01_ValidateGetMoreControl">
                  </a> <!-- TC01_ValidateGetMoreControl -->
                  <span class="method-name">TC01_ValidateGetMoreControl</span>
                  <div class="stack-trace">java.lang.RuntimeException: Error during mouse hover on Platform &amp; Services: null
	at com.kwi.pages.HomePage.mouseOverOnPlatformAndServices(HomePage.java:219)
	at com.kwi.LoyaltyPageValidations.TC01_ValidateGetMoreControl(LoyaltyPageValidations.java:22)
	at java.base/java.util.ArrayList.forEach(ArrayList.java:1541)
... Removed 31 stack frames
</div> <!-- stack-trace -->
                  <em>
(Validate 'Get More Control' section on Loyalty Page)                  </em>
                </div> <!-- method-content -->
              </div> <!-- method -->
            </div> <!-- main-panel-content rounded-window-bottom -->
          </div> <!-- suite-Selenium_Test_Suite-class-failed -->
          <div class="suite-Selenium_Test_Suite-class-failed">
            <div class="main-panel-header rounded-window-top">
              <img src="failed.png"/>
              <span class="class-name">com.kwi.HomePageValidations</span>
            </div> <!-- main-panel-header rounded-window-top -->
            <div class="main-panel-content rounded-window-bottom">
              <div class="method">
                <div class="method-content">
                  <a name="TC01_ValidateTheTitleOfThePage">
                  </a> <!-- TC01_ValidateTheTitleOfThePage -->
                  <span class="method-name">TC01_ValidateTheTitleOfThePage</span>
                  <div class="stack-trace">java.lang.RuntimeException: Error validating the title: null
	at com.kwi.pages.HomePage.validateTitle(HomePage.java:74)
	at com.kwi.HomePageValidations.TC01_ValidateTheTitleOfThePage(HomePageValidations.java:19)
	at java.base/java.util.ArrayList.forEach(ArrayList.java:1541)
... Removed 31 stack frames
</div> <!-- stack-trace -->
                  <em>
(Verify the title of the home page)                  </em>
                </div> <!-- method-content -->
              </div> <!-- method -->
              <div class="method">
                <div class="method-content">
                  <a name="TC02_ValidateAllInOneOmnichannelSolutionText">
                  </a> <!-- TC02_ValidateAllInOneOmnichannelSolutionText -->
                  <span class="method-name">TC02_ValidateAllInOneOmnichannelSolutionText</span>
                  <div class="stack-trace">java.lang.ExceptionInInitializerError
	at com.kwi.pages.HomePage.scrollDownToAllInOneOmnichannelSolution(HomePage.java:98)
	at com.kwi.HomePageValidations.TC02_ValidateAllInOneOmnichannelSolutionText(HomePageValidations.java:24)
	at java.base/java.util.ArrayList.forEach(ArrayList.java:1541)
Caused by: java.lang.NullPointerException
	at com.kwi.report.ExtentManager.getInstance(ExtentManager.java:15)
	at com.kwi.report.ExtentTestManager.&lt;clinit&gt;(ExtentTestManager.java:15)
	... 34 more
... Removed 31 stack frames
</div> <!-- stack-trace -->
                  <em>
(Scroll down to the 'All-In-One Omnichannel Solution' section and validate its visibility)                  </em>
                </div> <!-- method-content -->
              </div> <!-- method -->
              <div class="method">
                <div class="method-content">
                  <a name="TC03_ValidateContactInfo">
                  </a> <!-- TC03_ValidateContactInfo -->
                  <span class="method-name">TC03_ValidateContactInfo</span>
                  <div class="stack-trace">java.lang.NoClassDefFoundError: Could not initialize class com.kwi.report.ExtentTestManager
	at com.kwi.pages.HomePage.getPhoneNumber(HomePage.java:125)
	at com.kwi.pages.HomePage.printContactInfo(HomePage.java:166)
	at com.kwi.HomePageValidations.TC03_ValidateContactInfo(HomePageValidations.java:29)
	at java.base/java.util.ArrayList.forEach(ArrayList.java:1541)
... Removed 31 stack frames
</div> <!-- stack-trace -->
                  <em>
(Print and validate the contact information on the home page)                  </em>
                </div> <!-- method-content -->
              </div> <!-- method -->
              <div class="method">
                <div class="method-content">
                  <a name="TC04_NavigateToPlatformAndServicesPage">
                  </a> <!-- TC04_NavigateToPlatformAndServicesPage -->
                  <span class="method-name">TC04_NavigateToPlatformAndServicesPage</span>
                  <div class="stack-trace">java.lang.RuntimeException: Error clicking on Platform &amp; Services: null
	at com.kwi.pages.HomePage.clickOnPlatformAndServices(HomePage.java:200)
	at com.kwi.HomePageValidations.TC04_NavigateToPlatformAndServicesPage(HomePageValidations.java:34)
	at java.base/java.util.ArrayList.forEach(ArrayList.java:1541)
... Removed 31 stack frames
</div> <!-- stack-trace -->
                  <em>
(Click on the 'Platform and Services' link to navigate to the respective page)                  </em>
                </div> <!-- method-content -->
              </div> <!-- method -->
            </div> <!-- main-panel-content rounded-window-bottom -->
          </div> <!-- suite-Selenium_Test_Suite-class-failed -->
        </div> <!-- panel Selenium_Test_Suite -->
        <div panel-name="test-xml-Selenium_Test_Suite" class="panel">
          <div class="main-panel-header rounded-window-top">
            <span class="header-content">P:\Projects\PNT\KWI-Web\src\test\resources\TestRunner.xml</span>
          </div> <!-- main-panel-header rounded-window-top -->
          <div class="main-panel-content rounded-window-bottom">
            <pre>
&lt;?xml version=&quot;1.0&quot; encoding=&quot;UTF-8&quot;?&gt;
&lt;!DOCTYPE suite SYSTEM &quot;https://testng.org/testng-1.0.dtd&quot;&gt;
&lt;suite name=&quot;Selenium Test Suite&quot; guice-stage=&quot;DEVELOPMENT&quot; verbose=&quot;0&quot;&gt;
  &lt;parameter name=&quot;cloud&quot; value=&quot;false&quot;/&gt;
  &lt;parameter name=&quot;envName&quot; value=&quot;saucelabs&quot;/&gt;
  &lt;parameter name=&quot;browser&quot; value=&quot;chrome&quot;/&gt;
  &lt;parameter name=&quot;platformVersion&quot; value=&quot;10&quot;/&gt;
  &lt;parameter name=&quot;browserVersion&quot; value=&quot;86.0&quot;/&gt;
  &lt;parameter name=&quot;url&quot; value=&quot;https://opensource-demo.orangehrmlive.com/index.php/auth/login&quot;/&gt;
  &lt;parameter name=&quot;platform&quot; value=&quot;windows&quot;/&gt;
  &lt;test thread-count=&quot;5&quot; name=&quot;Automation tests&quot; verbose=&quot;0&quot;&gt;
    &lt;groups&gt;
      &lt;run&gt;
        &lt;include name=&quot;smoke&quot;/&gt;
        &lt;exclude name=&quot;sanity&quot;/&gt;
      &lt;/run&gt;
    &lt;/groups&gt;
    &lt;classes&gt;
      &lt;class name=&quot;com.kwi.HomePageValidations&quot;/&gt;
      &lt;class name=&quot;com.kwi.LoyaltyPageValidations&quot;/&gt;
    &lt;/classes&gt;
  &lt;/test&gt; &lt;!-- Automation tests --&gt;
&lt;/suite&gt; &lt;!-- Selenium Test Suite --&gt;
            </pre>
          </div> <!-- main-panel-content rounded-window-bottom -->
        </div> <!-- panel -->
        <div panel-name="testlist-Selenium_Test_Suite" class="panel">
          <div class="main-panel-header rounded-window-top">
            <span class="header-content">Tests for Selenium Test Suite</span>
          </div> <!-- main-panel-header rounded-window-top -->
          <div class="main-panel-content rounded-window-bottom">
            <ul>
              <li>
                <span class="test-name">Automation tests (2 classes)</span>
              </li>
            </ul>
          </div> <!-- main-panel-content rounded-window-bottom -->
        </div> <!-- panel -->
        <div panel-name="group-Selenium_Test_Suite" class="panel">
          <div class="main-panel-header rounded-window-top">
            <span class="header-content">Groups for Selenium Test Suite</span>
          </div> <!-- main-panel-header rounded-window-top -->
          <div class="main-panel-content rounded-window-bottom">
            <div class="test-group">
              <span class="test-group-name">smoke</span>
              <br/>
              <div class="method-in-group">
                <span class="method-in-group-name">TC01_ValidateGetMoreControl</span>
                <br/>
              </div> <!-- method-in-group -->
              <div class="method-in-group">
                <span class="method-in-group-name">TC01_ValidateTheTitleOfThePage</span>
                <br/>
              </div> <!-- method-in-group -->
              <div class="method-in-group">
                <span class="method-in-group-name">TC02_ValidateAllInOneOmnichannelSolutionText</span>
                <br/>
              </div> <!-- method-in-group -->
              <div class="method-in-group">
                <span class="method-in-group-name">TC03_ValidateContactInfo</span>
                <br/>
              </div> <!-- method-in-group -->
              <div class="method-in-group">
                <span class="method-in-group-name">TC04_NavigateToPlatformAndServicesPage</span>
                <br/>
              </div> <!-- method-in-group -->
            </div> <!-- test-group -->
          </div> <!-- main-panel-content rounded-window-bottom -->
        </div> <!-- panel -->
        <div panel-name="times-Selenium_Test_Suite" class="panel">
          <div class="main-panel-header rounded-window-top">
            <span class="header-content">Times for Selenium Test Suite</span>
          </div> <!-- main-panel-header rounded-window-top -->
          <div class="main-panel-content rounded-window-bottom">
            <div class="times-div">
              <script type="text/javascript">
suiteTableInitFunctions.push('tableData_Selenium_Test_Suite');
function tableData_Selenium_Test_Suite() {
var data = new google.visualization.DataTable();
data.addColumn('number', 'Number');
data.addColumn('string', 'Method');
data.addColumn('string', 'Class');
data.addColumn('number', 'Time (ms)');
data.addRows(5);
data.setCell(0, 0, 0)
data.setCell(0, 1, 'TC01_ValidateGetMoreControl')
data.setCell(0, 2, 'com.kwi.LoyaltyPageValidations')
data.setCell(0, 3, 20);
data.setCell(1, 0, 1)
data.setCell(1, 1, 'TC01_ValidateTheTitleOfThePage')
data.setCell(1, 2, 'com.kwi.HomePageValidations')
data.setCell(1, 3, 8);
data.setCell(2, 0, 2)
data.setCell(2, 1, 'TC02_ValidateAllInOneOmnichannelSolutionText')
data.setCell(2, 2, 'com.kwi.HomePageValidations')
data.setCell(2, 3, 4);
data.setCell(3, 0, 3)
data.setCell(3, 1, 'TC03_ValidateContactInfo')
data.setCell(3, 2, 'com.kwi.HomePageValidations')
data.setCell(3, 3, 3);
data.setCell(4, 0, 4)
data.setCell(4, 1, 'TC04_NavigateToPlatformAndServicesPage')
data.setCell(4, 2, 'com.kwi.HomePageValidations')
data.setCell(4, 3, 1);
window.suiteTableData['Selenium_Test_Suite']= { tableData: data, tableDiv: 'times-div-Selenium_Test_Suite'}
return data;
}
              </script>
              <span class="suite-total-time">Total running time: 36 ms</span>
              <div id="times-div-Selenium_Test_Suite">
              </div> <!-- times-div-Selenium_Test_Suite -->
            </div> <!-- times-div -->
          </div> <!-- main-panel-content rounded-window-bottom -->
        </div> <!-- panel -->
        <div panel-name="reporter-Selenium_Test_Suite" class="panel">
          <div class="main-panel-header rounded-window-top">
            <span class="header-content">Reporter output for Selenium Test Suite</span>
          </div> <!-- main-panel-header rounded-window-top -->
          <div class="main-panel-content rounded-window-bottom">
          </div> <!-- main-panel-content rounded-window-bottom -->
        </div> <!-- panel -->
        <div panel-name="ignored-methods-Selenium_Test_Suite" class="panel">
          <div class="main-panel-header rounded-window-top">
            <span class="header-content">0 ignored methods</span>
          </div> <!-- main-panel-header rounded-window-top -->
          <div class="main-panel-content rounded-window-bottom">
          </div> <!-- main-panel-content rounded-window-bottom -->
        </div> <!-- panel -->
        <div panel-name="chronological-Selenium_Test_Suite" class="panel">
          <div class="main-panel-header rounded-window-top">
            <span class="header-content">Methods in chronological order</span>
          </div> <!-- main-panel-header rounded-window-top -->
          <div class="main-panel-content rounded-window-bottom">
            <div class="chronological-class">
              <div class="chronological-class-name">com.kwi.HomePageValidations</div> <!-- chronological-class-name -->
              <div class="test-method">
                <img src="failed.png">
                </img>
                <span class="method-name">TC01_ValidateTheTitleOfThePage</span>
                <span class="method-start">0 ms</span>
              </div> <!-- test-method -->
              <div class="test-method">
                <img src="failed.png">
                </img>
                <span class="method-name">TC02_ValidateAllInOneOmnichannelSolutionText</span>
                <span class="method-start">15 ms</span>
              </div> <!-- test-method -->
              <div class="test-method">
                <img src="failed.png">
                </img>
                <span class="method-name">TC03_ValidateContactInfo</span>
                <span class="method-start">20 ms</span>
              </div> <!-- test-method -->
              <div class="test-method">
                <img src="failed.png">
                </img>
                <span class="method-name">TC04_NavigateToPlatformAndServicesPage</span>
                <span class="method-start">24 ms</span>
              </div> <!-- test-method -->
            </div> <!-- chronological-class -->
            <div class="chronological-class">
              <div class="chronological-class-name">com.kwi.LoyaltyPageValidations</div> <!-- chronological-class-name -->
              <div class="test-method">
                <img src="failed.png">
                </img>
                <span class="method-name">TC01_ValidateGetMoreControl</span>
                <span class="method-start">27 ms</span>
              </div> <!-- test-method -->
          </div> <!-- main-panel-content rounded-window-bottom -->
        </div> <!-- panel -->
      </div> <!-- main-panel-root -->
    </div> <!-- wrapper -->
  </body>
<script type="text/javascript" src="testng-reports2.js"></script>
</html>
